2018-09-27T17:02:51.048435Z mysqld_safe Logging to '/mnt/ssd-raid0/sysbench/datadir/cheetah02.err'.
2018-09-27T17:02:51.084826Z mysqld_safe Starting mysqld daemon with databases from /mnt/ssd-raid0/sysbench/datadir
2018-09-27T17:02:51.216310Z 0 [Warning] TIMESTAMP with implicit DEFAULT value is deprecated. Please use --explicit_defaults_for_timestamp server option (see documentation for more details).
2018-09-27T17:02:51.216432Z 0 [Warning] Insecure configuration for --secure-file-priv: Location is accessible to all OS users. Consider choosing a different directory.
2018-09-27T17:02:51.216470Z 0 [Note] /home/axel/mariadb-install/mysql-5.7.21/libexec/mysqld (mysqld 5.7.21) starting as process 17987 ...
2018-09-27T17:02:51.219404Z 0 [Note] InnoDB: PUNCH HOLE support available
2018-09-27T17:02:51.219421Z 0 [Note] InnoDB: Mutexes and rw_locks use GCC atomic builtins
2018-09-27T17:02:51.219425Z 0 [Note] InnoDB: Uses event mutexes
2018-09-27T17:02:51.219429Z 0 [Note] InnoDB: GCC builtin __atomic_thread_fence() is used for memory barrier
2018-09-27T17:02:51.219435Z 0 [Note] InnoDB: Compressed tables use zlib 1.2.3
2018-09-27T17:02:51.219439Z 0 [Note] InnoDB: Using Linux native AIO
2018-09-27T17:02:51.219740Z 0 [Note] InnoDB: Number of pools: 1
2018-09-27T17:02:51.219849Z 0 [Note] InnoDB: Using CPU crc32 instructions
2018-09-27T17:02:51.221398Z 0 [Note] InnoDB: Initializing buffer pool, total size = 512M, instances = 1, chunk size = 128M
2018-09-27T17:02:51.252313Z 0 [Note] InnoDB: Completed initialization of buffer pool
2018-09-27T17:02:51.257410Z 0 [Note] InnoDB: If the mysqld execution user is authorized, page cleaner thread priority can be changed. See the man page of setpriority().
2018-09-27T17:02:51.269424Z 0 [Note] InnoDB: Highest supported file format is Barracuda.
2018-09-27T17:02:51.280654Z 0 [Note] InnoDB: Creating shared tablespace for temporary tables
2018-09-27T17:02:51.280700Z 0 [Note] InnoDB: Setting file './ibtmp1' size to 12 MB. Physically writing the file full; Please wait ...
2018-09-27T17:02:51.309065Z 0 [Note] InnoDB: File './ibtmp1' size is now 12 MB.
2018-09-27T17:02:51.309829Z 0 [Note] InnoDB: 96 redo rollback segment(s) found. 96 redo rollback segment(s) are active.
2018-09-27T17:02:51.309839Z 0 [Note] InnoDB: 32 non-redo rollback segment(s) are active.
2018-09-27T17:02:51.310497Z 0 [Note] InnoDB: Waiting for purge to start
2018-09-27T17:02:51.360651Z 0 [Note] InnoDB: 5.7.21 started; log sequence number 2551166
2018-09-27T17:02:51.360792Z 0 [Note] InnoDB: Loading buffer pool(s) from /mnt/ssd-raid0/sysbench/datadir/ib_buffer_pool
2018-09-27T17:02:51.361645Z 0 [Note] Plugin 'FEDERATED' is disabled.
2018-09-27T17:02:51.363034Z 0 [Warning] Failed to set up SSL because of the following SSL library error: SSL context is not usable without certificate and private key
2018-09-27T17:02:51.363621Z 0 [Note] Server hostname (bind-address): '*'; port: 3306
2018-09-27T17:02:51.363672Z 0 [Note] IPv6 is available.
2018-09-27T17:02:51.363698Z 0 [Note]   - '::' resolves to '::';
2018-09-27T17:02:51.363709Z 0 [Note] Server socket created on IP: '::'.
2018-09-27T17:02:51.363776Z 0 [Note] InnoDB: Buffer pool(s) load completed at 180927 17:02:51
2018-09-27T17:02:51.420674Z 0 [Note] Event Scheduler: Loaded 0 events
2018-09-27T17:02:51.420917Z 0 [Note] /home/axel/mariadb-install/mysql-5.7.21/libexec/mysqld: ready for connections.
Version: '5.7.21'  socket: '/tmp/mysqld.sock.sysbench'  port: 3306  Source distribution
2018-09-27T17:02:53.701914Z 5 [Note] Aborted connection 5 to db: 'sbtest' user: 'root' host: 'localhost' (Got an error reading communication packets)
2018-09-27T17:18:50.895551Z 0 [Note] Giving 0 client threads a chance to die gracefully
2018-09-27T17:18:50.895608Z 0 [Note] Shutting down slave threads
2018-09-27T17:18:50.895614Z 0 [Note] Forcefully disconnecting 0 remaining clients
2018-09-27T17:18:50.895622Z 0 [Note] Event Scheduler: Purging the queue. 0 events
2018-09-27T17:18:50.895703Z 0 [Note] Binlog end
2018-09-27T17:18:50.904069Z 0 [Note] Shutting down plugin 'ngram'
2018-09-27T17:18:50.904090Z 0 [Note] Shutting down plugin 'BLACKHOLE'
2018-09-27T17:18:50.904114Z 0 [Note] Shutting down plugin 'ARCHIVE'
2018-09-27T17:18:50.904121Z 0 [Note] Shutting down plugin 'partition'
2018-09-27T17:18:50.904126Z 0 [Note] Shutting down plugin 'MRG_MYISAM'
2018-09-27T17:18:50.904133Z 0 [Note] Shutting down plugin 'PERFORMANCE_SCHEMA'
2018-09-27T17:18:50.904173Z 0 [Note] Shutting down plugin 'CSV'
2018-09-27T17:18:50.904180Z 0 [Note] Shutting down plugin 'MEMORY'
2018-09-27T17:18:50.904186Z 0 [Note] Shutting down plugin 'MyISAM'
2018-09-27T17:18:50.904200Z 0 [Note] Shutting down plugin 'INNODB_SYS_VIRTUAL'
2018-09-27T17:18:50.904206Z 0 [Note] Shutting down plugin 'INNODB_SYS_DATAFILES'
2018-09-27T17:18:50.904212Z 0 [Note] Shutting down plugin 'INNODB_SYS_TABLESPACES'
2018-09-27T17:18:50.904217Z 0 [Note] Shutting down plugin 'INNODB_SYS_FOREIGN_COLS'
2018-09-27T17:18:50.904223Z 0 [Note] Shutting down plugin 'INNODB_SYS_FOREIGN'
2018-09-27T17:18:50.904228Z 0 [Note] Shutting down plugin 'INNODB_SYS_FIELDS'
2018-09-27T17:18:50.904233Z 0 [Note] Shutting down plugin 'INNODB_SYS_COLUMNS'
2018-09-27T17:18:50.904238Z 0 [Note] Shutting down plugin 'INNODB_SYS_INDEXES'
2018-09-27T17:18:50.904244Z 0 [Note] Shutting down plugin 'INNODB_SYS_TABLESTATS'
2018-09-27T17:18:50.904249Z 0 [Note] Shutting down plugin 'INNODB_SYS_TABLES'
2018-09-27T17:18:50.904254Z 0 [Note] Shutting down plugin 'INNODB_FT_INDEX_TABLE'
2018-09-27T17:18:50.904259Z 0 [Note] Shutting down plugin 'INNODB_FT_INDEX_CACHE'
2018-09-27T17:18:50.904264Z 0 [Note] Shutting down plugin 'INNODB_FT_CONFIG'
2018-09-27T17:18:50.904270Z 0 [Note] Shutting down plugin 'INNODB_FT_BEING_DELETED'
2018-09-27T17:18:50.904275Z 0 [Note] Shutting down plugin 'INNODB_FT_DELETED'
2018-09-27T17:18:50.904280Z 0 [Note] Shutting down plugin 'INNODB_FT_DEFAULT_STOPWORD'
2018-09-27T17:18:50.904285Z 0 [Note] Shutting down plugin 'INNODB_METRICS'
2018-09-27T17:18:50.904290Z 0 [Note] Shutting down plugin 'INNODB_TEMP_TABLE_INFO'
2018-09-27T17:18:50.904296Z 0 [Note] Shutting down plugin 'INNODB_BUFFER_POOL_STATS'
2018-09-27T17:18:50.904301Z 0 [Note] Shutting down plugin 'INNODB_BUFFER_PAGE_LRU'
2018-09-27T17:18:50.904306Z 0 [Note] Shutting down plugin 'INNODB_BUFFER_PAGE'
2018-09-27T17:18:50.904312Z 0 [Note] Shutting down plugin 'INNODB_CMP_PER_INDEX_RESET'
2018-09-27T17:18:50.904317Z 0 [Note] Shutting down plugin 'INNODB_CMP_PER_INDEX'
2018-09-27T17:18:50.904322Z 0 [Note] Shutting down plugin 'INNODB_CMPMEM_RESET'
2018-09-27T17:18:50.904327Z 0 [Note] Shutting down plugin 'INNODB_CMPMEM'
2018-09-27T17:18:50.904332Z 0 [Note] Shutting down plugin 'INNODB_CMP_RESET'
2018-09-27T17:18:50.904338Z 0 [Note] Shutting down plugin 'INNODB_CMP'
2018-09-27T17:18:50.904343Z 0 [Note] Shutting down plugin 'INNODB_LOCK_WAITS'
2018-09-27T17:18:50.904348Z 0 [Note] Shutting down plugin 'INNODB_LOCKS'
2018-09-27T17:18:50.904354Z 0 [Note] Shutting down plugin 'INNODB_TRX'
2018-09-27T17:18:50.904359Z 0 [Note] Shutting down plugin 'InnoDB'
2018-09-27T17:18:50.904407Z 0 [Note] InnoDB: FTS optimize thread exiting.
2018-09-27T17:18:50.904540Z 0 [Note] InnoDB: Starting shutdown...
2018-09-27T17:18:51.004757Z 0 [Note] InnoDB: Dumping buffer pool(s) to /mnt/ssd-raid0/sysbench/datadir/ib_buffer_pool
2018-09-27T17:18:51.006095Z 0 [Note] InnoDB: Buffer pool(s) dump completed at 180927 17:18:51
2018-09-27T17:18:52.269030Z 0 [Note] InnoDB: Shutdown completed; log sequence number 29333455
2018-09-27T17:18:52.272642Z 0 [Note] InnoDB: Removed temporary tablespace data file: "ibtmp1"
2018-09-27T17:18:52.272659Z 0 [Note] Shutting down plugin 'sha256_password'
2018-09-27T17:18:52.272665Z 0 [Note] Shutting down plugin 'mysql_native_password'
2018-09-27T17:18:52.272890Z 0 [Note] Shutting down plugin 'binlog'
2018-09-27T17:18:52.273768Z 0 [Note] /home/axel/mariadb-install/mysql-5.7.21/libexec/mysqld: Shutdown complete

2018-09-27T17:18:52.405547Z mysqld_safe mysqld from pid file /tmp/mysqld.pid.sysbench ended
