180927 19:27:49 mysqld_safe Logging to '/mnt/ssd-raid0/sysbench/datadir/cheetah02.err'.
180927 19:27:49 mysqld_safe Starting mysqld daemon with databases from /mnt/ssd-raid0/sysbench/datadir
2018-09-27 19:27:49 0 [Warning] TIMESTAMP with implicit DEFAULT value is deprecated. Please use --explicit_defaults_for_timestamp server option (see documentation for more details).
2018-09-27 19:27:49 0 [Warning] Insecure configuration for --secure-file-priv: Location is accessible to all OS users. Consider choosing a different directory.
2018-09-27 19:27:49 0 [Note] /home/axel/mariadb-install/mysql-5.6.36/libexec/mysqld (mysqld 5.6.36) starting as process 12090 ...
2018-09-27 19:27:49 12090 [Note] Plugin 'FEDERATED' is disabled.
2018-09-27 19:27:49 12090 [Note] InnoDB: Using atomics to ref count buffer pool pages
2018-09-27 19:27:49 12090 [Note] InnoDB: The InnoDB memory heap is disabled
2018-09-27 19:27:49 12090 [Note] InnoDB: Mutexes and rw_locks use GCC atomic builtins
2018-09-27 19:27:49 12090 [Note] InnoDB: Memory barrier is not used
2018-09-27 19:27:49 12090 [Note] InnoDB: Compressed tables use zlib 1.2.3
2018-09-27 19:27:49 12090 [Note] InnoDB: Using Linux native AIO
2018-09-27 19:27:49 12090 [Note] InnoDB: Using CPU crc32 instructions
2018-09-27 19:27:49 12090 [Note] InnoDB: Initializing buffer pool, size = 512.0M
2018-09-27 19:27:49 12090 [Note] InnoDB: Completed initialization of buffer pool
2018-09-27 19:27:49 12090 [Note] InnoDB: Highest supported file format is Barracuda.
2018-09-27 19:27:49 12090 [Note] InnoDB: 128 rollback segment(s) are active.
2018-09-27 19:27:49 12090 [Note] InnoDB: Waiting for purge to start
2018-09-27 19:27:49 12090 [Note] InnoDB: 5.6.36 started; log sequence number 1625987
2018-09-27 19:27:49 12090 [Warning] No existing UUID has been found, so we assume that this is the first time that this server has been started. Generating a new UUID: 6b5e3ea0-c28b-11e8-921e-0cc47a34f5d2.
2018-09-27 19:27:49 12090 [Note] Server hostname (bind-address): '*'; port: 3306
2018-09-27 19:27:49 12090 [Note] IPv6 is available.
2018-09-27 19:27:49 12090 [Note]   - '::' resolves to '::';
2018-09-27 19:27:49 12090 [Note] Server socket created on IP: '::'.
2018-09-27 19:27:49 12090 [Note] Event Scheduler: Loaded 0 events
2018-09-27 19:27:49 12090 [Note] /home/axel/mariadb-install/mysql-5.6.36/libexec/mysqld: ready for connections.
Version: '5.6.36'  socket: '/tmp/mysqld.sock.sysbench'  port: 3306  Source distribution
2018-09-27 19:43:48 12090 [Note] /home/axel/mariadb-install/mysql-5.6.36/libexec/mysqld: Normal shutdown

2018-09-27 19:43:48 12090 [Note] Giving 0 client threads a chance to die gracefully
2018-09-27 19:43:48 12090 [Note] Event Scheduler: Purging the queue. 0 events
2018-09-27 19:43:48 12090 [Note] Shutting down slave threads
2018-09-27 19:43:48 12090 [Note] Forcefully disconnecting 0 remaining clients
2018-09-27 19:43:48 12090 [Note] Binlog end
2018-09-27 19:43:48 12090 [Note] Shutting down plugin 'partition'
2018-09-27 19:43:48 12090 [Note] Shutting down plugin 'BLACKHOLE'
2018-09-27 19:43:48 12090 [Note] Shutting down plugin 'PERFORMANCE_SCHEMA'
2018-09-27 19:43:48 12090 [Note] Shutting down plugin 'ARCHIVE'
2018-09-27 19:43:48 12090 [Note] Shutting down plugin 'INNODB_SYS_DATAFILES'
2018-09-27 19:43:48 12090 [Note] Shutting down plugin 'INNODB_SYS_TABLESPACES'
2018-09-27 19:43:48 12090 [Note] Shutting down plugin 'INNODB_SYS_FOREIGN_COLS'
2018-09-27 19:43:48 12090 [Note] Shutting down plugin 'INNODB_SYS_FOREIGN'
2018-09-27 19:43:48 12090 [Note] Shutting down plugin 'INNODB_SYS_FIELDS'
2018-09-27 19:43:48 12090 [Note] Shutting down plugin 'INNODB_SYS_COLUMNS'
2018-09-27 19:43:48 12090 [Note] Shutting down plugin 'INNODB_SYS_INDEXES'
2018-09-27 19:43:48 12090 [Note] Shutting down plugin 'INNODB_SYS_TABLESTATS'
2018-09-27 19:43:48 12090 [Note] Shutting down plugin 'INNODB_SYS_TABLES'
2018-09-27 19:43:48 12090 [Note] Shutting down plugin 'INNODB_FT_INDEX_TABLE'
2018-09-27 19:43:48 12090 [Note] Shutting down plugin 'INNODB_FT_INDEX_CACHE'
2018-09-27 19:43:48 12090 [Note] Shutting down plugin 'INNODB_FT_CONFIG'
2018-09-27 19:43:48 12090 [Note] Shutting down plugin 'INNODB_FT_BEING_DELETED'
2018-09-27 19:43:48 12090 [Note] Shutting down plugin 'INNODB_FT_DELETED'
2018-09-27 19:43:48 12090 [Note] Shutting down plugin 'INNODB_FT_DEFAULT_STOPWORD'
2018-09-27 19:43:48 12090 [Note] Shutting down plugin 'INNODB_METRICS'
2018-09-27 19:43:48 12090 [Note] Shutting down plugin 'INNODB_BUFFER_POOL_STATS'
2018-09-27 19:43:48 12090 [Note] Shutting down plugin 'INNODB_BUFFER_PAGE_LRU'
2018-09-27 19:43:48 12090 [Note] Shutting down plugin 'INNODB_BUFFER_PAGE'
2018-09-27 19:43:48 12090 [Note] Shutting down plugin 'INNODB_CMP_PER_INDEX_RESET'
2018-09-27 19:43:48 12090 [Note] Shutting down plugin 'INNODB_CMP_PER_INDEX'
2018-09-27 19:43:48 12090 [Note] Shutting down plugin 'INNODB_CMPMEM_RESET'
2018-09-27 19:43:48 12090 [Note] Shutting down plugin 'INNODB_CMPMEM'
2018-09-27 19:43:48 12090 [Note] Shutting down plugin 'INNODB_CMP_RESET'
2018-09-27 19:43:48 12090 [Note] Shutting down plugin 'INNODB_CMP'
2018-09-27 19:43:48 12090 [Note] Shutting down plugin 'INNODB_LOCK_WAITS'
2018-09-27 19:43:48 12090 [Note] Shutting down plugin 'INNODB_LOCKS'
2018-09-27 19:43:48 12090 [Note] Shutting down plugin 'INNODB_TRX'
2018-09-27 19:43:48 12090 [Note] Shutting down plugin 'InnoDB'
2018-09-27 19:43:48 12090 [Note] InnoDB: FTS optimize thread exiting.
2018-09-27 19:43:48 12090 [Note] InnoDB: Starting shutdown...
2018-09-27 19:43:49 12090 [Note] InnoDB: Shutdown completed; log sequence number 28554402
2018-09-27 19:43:49 12090 [Note] Shutting down plugin 'MRG_MYISAM'
2018-09-27 19:43:49 12090 [Note] Shutting down plugin 'CSV'
2018-09-27 19:43:49 12090 [Note] Shutting down plugin 'MEMORY'
2018-09-27 19:43:49 12090 [Note] Shutting down plugin 'MyISAM'
2018-09-27 19:43:49 12090 [Note] Shutting down plugin 'sha256_password'
2018-09-27 19:43:49 12090 [Note] Shutting down plugin 'mysql_old_password'
2018-09-27 19:43:49 12090 [Note] Shutting down plugin 'mysql_native_password'
2018-09-27 19:43:49 12090 [Note] Shutting down plugin 'binlog'
2018-09-27 19:43:49 12090 [Note] /home/axel/mariadb-install/mysql-5.6.36/libexec/mysqld: Shutdown complete

180927 19:43:49 mysqld_safe mysqld from pid file /tmp/mysqld.pid.sysbench ended
