2018-09-27 16:14:35 139935024433024 [Note] InnoDB: Mutexes and rw_locks use GCC atomic builtins
2018-09-27 16:14:35 139935024433024 [Note] InnoDB: Uses event mutexes
2018-09-27 16:14:35 139935024433024 [Note] InnoDB: Compressed tables use zlib 1.2.8
2018-09-27 16:14:35 139935024433024 [Note] InnoDB: Using Linux native AIO
2018-09-27 16:14:35 139935024433024 [Note] InnoDB: Number of pools: 1
2018-09-27 16:14:35 139935024433024 [Note] InnoDB: Using SSE2 crc32 instructions
2018-09-27 16:14:35 139935024433024 [Note] InnoDB: Initializing buffer pool, total size = 512M, instances = 1, chunk size = 128M
2018-09-27 16:14:35 139935024433024 [Note] InnoDB: Completed initialization of buffer pool
2018-09-27 16:14:35 139933863069440 [Note] InnoDB: If the mysqld execution user is authorized, page cleaner thread priority can be changed. See the man page of setpriority().
2018-09-27 16:14:35 139935024433024 [Note] InnoDB: Highest supported file format is Barracuda.
2018-09-27 16:14:36 139935024433024 [Note] InnoDB: 128 out of 128 rollback segments are active.
2018-09-27 16:14:36 139935024433024 [Note] InnoDB: Creating shared tablespace for temporary tables
2018-09-27 16:14:36 139935024433024 [Note] InnoDB: Setting file './ibtmp1' size to 12 MB. Physically writing the file full; Please wait ...
2018-09-27 16:14:36 139935024433024 [Note] InnoDB: File './ibtmp1' size is now 12 MB.
2018-09-27 16:14:36 139935024433024 [Note] InnoDB: Waiting for purge to start
2018-09-27 16:14:36 139935024433024 [Note] InnoDB: 5.7.23 started; log sequence number 1619987
2018-09-27 16:14:36 139933574485760 [Note] InnoDB: Loading buffer pool(s) from /mnt/ssd-raid0/sysbench/datadir/ib_buffer_pool
2018-09-27 16:14:36 139935024433024 [Note] Plugin 'FEEDBACK' is disabled.
2018-09-27 16:14:36 139933574485760 [Note] InnoDB: Buffer pool(s) load completed at 180927 16:14:36
2018-09-27 16:14:36 139935024433024 [Note] Server socket created on IP: '::'.
2018-09-27 16:14:36 139935024433024 [Note] Reading of all Master_info entries succeded
2018-09-27 16:14:36 139935024433024 [Note] Added new Master_info '' to hash table
2018-09-27 16:14:36 139935024433024 [Note] /home/axel/mariadb-install/mariadb-10.2.18/libexec/mysqld: ready for connections.
Version: '10.2.18-MariaDB'  socket: '/tmp/mysqld.sock.sysbench'  port: 3306  Source distribution
2018-09-27 16:14:38 139934934488832 [Warning] Aborted connection 11 to db: 'sbtest' user: 'root' host: 'localhost' (Got an error reading communication packets)
2018-09-27 16:30:35 139933265245952 [Note] /home/axel/mariadb-install/mariadb-10.2.18/libexec/mysqld (initiated by: root[root] @ localhost []): Normal shutdown
2018-09-27 16:30:35 139933265245952 [Note] Event Scheduler: Purging the queue. 0 events
2018-09-27 16:30:35 139933818988288 [Note] InnoDB: FTS optimize thread exiting.
2018-09-27 16:30:35 139933265245952 [Note] InnoDB: Starting shutdown...
2018-09-27 16:30:35 139933574485760 [Note] InnoDB: Dumping buffer pool(s) to /mnt/ssd-raid0/sysbench/datadir/ib_buffer_pool
2018-09-27 16:30:35 139933574485760 [Note] InnoDB: Buffer pool(s) dump completed at 180927 16:30:35
2018-09-27 16:30:36 139933265245952 [Note] InnoDB: Shutdown completed; log sequence number 29562694
2018-09-27 16:30:36 139933265245952 [Note] InnoDB: Removed temporary tablespace data file: "ibtmp1"
2018-09-27 16:30:36 139933265245952 [Note] /home/axel/mariadb-install/mariadb-10.2.18/libexec/mysqld: Shutdown complete

