2018-09-27T17:51:15.433625Z mysqld_safe Logging to '/mnt/ssd-raid0/sysbench/datadir/cheetah02.err'.
2018-09-27T17:51:15.464052Z mysqld_safe Starting mysqld daemon with databases from /mnt/ssd-raid0/sysbench/datadir
2018-09-27T17:51:15.596273Z 0 [Warning] TIMESTAMP with implicit DEFAULT value is deprecated. Please use --explicit_defaults_for_timestamp server option (see documentation for more details).
2018-09-27T17:51:15.596377Z 0 [Warning] Insecure configuration for --secure-file-priv: Location is accessible to all OS users. Consider choosing a different directory.
2018-09-27T17:51:15.596402Z 0 [Note] /home/axel/mariadb-install/mysql-5.7.21/libexec/mysqld (mysqld 5.7.21) starting as process 27341 ...
2018-09-27T17:51:15.599303Z 0 [Note] InnoDB: PUNCH HOLE support available
2018-09-27T17:51:15.599318Z 0 [Note] InnoDB: Mutexes and rw_locks use GCC atomic builtins
2018-09-27T17:51:15.599323Z 0 [Note] InnoDB: Uses event mutexes
2018-09-27T17:51:15.599327Z 0 [Note] InnoDB: GCC builtin __atomic_thread_fence() is used for memory barrier
2018-09-27T17:51:15.599331Z 0 [Note] InnoDB: Compressed tables use zlib 1.2.3
2018-09-27T17:51:15.599335Z 0 [Note] InnoDB: Using Linux native AIO
2018-09-27T17:51:15.599635Z 0 [Note] InnoDB: Number of pools: 1
2018-09-27T17:51:15.599733Z 0 [Note] InnoDB: Using CPU crc32 instructions
2018-09-27T17:51:15.619257Z 0 [Note] InnoDB: Initializing buffer pool, total size = 512M, instances = 1, chunk size = 128M
2018-09-27T17:51:15.663672Z 0 [Note] InnoDB: Completed initialization of buffer pool
2018-09-27T17:51:15.670219Z 0 [Note] InnoDB: If the mysqld execution user is authorized, page cleaner thread priority can be changed. See the man page of setpriority().
2018-09-27T17:51:15.682574Z 0 [Note] InnoDB: Highest supported file format is Barracuda.
2018-09-27T17:51:15.697435Z 0 [Note] InnoDB: Creating shared tablespace for temporary tables
2018-09-27T17:51:15.697491Z 0 [Note] InnoDB: Setting file './ibtmp1' size to 12 MB. Physically writing the file full; Please wait ...
2018-09-27T17:51:15.727068Z 0 [Note] InnoDB: File './ibtmp1' size is now 12 MB.
2018-09-27T17:51:15.728457Z 0 [Note] InnoDB: 96 redo rollback segment(s) found. 96 redo rollback segment(s) are active.
2018-09-27T17:51:15.728474Z 0 [Note] InnoDB: 32 non-redo rollback segment(s) are active.
2018-09-27T17:51:15.729294Z 0 [Note] InnoDB: Waiting for purge to start
2018-09-27T17:51:15.779452Z 0 [Note] InnoDB: 5.7.21 started; log sequence number 2551166
2018-09-27T17:51:15.780102Z 0 [Note] InnoDB: Loading buffer pool(s) from /mnt/ssd-raid0/sysbench/datadir/ib_buffer_pool
2018-09-27T17:51:15.780406Z 0 [Note] Plugin 'FEDERATED' is disabled.
2018-09-27T17:51:15.781517Z 0 [Note] InnoDB: Buffer pool(s) load completed at 180927 17:51:15
2018-09-27T17:51:15.782726Z 0 [Warning] Failed to set up SSL because of the following SSL library error: SSL context is not usable without certificate and private key
2018-09-27T17:51:15.782960Z 0 [Note] Server hostname (bind-address): '*'; port: 3306
2018-09-27T17:51:15.783003Z 0 [Note] IPv6 is available.
2018-09-27T17:51:15.783022Z 0 [Note]   - '::' resolves to '::';
2018-09-27T17:51:15.783031Z 0 [Note] Server socket created on IP: '::'.
2018-09-27T17:51:15.818173Z 0 [Note] Event Scheduler: Loaded 0 events
2018-09-27T17:51:15.818390Z 0 [Note] /home/axel/mariadb-install/mysql-5.7.21/libexec/mysqld: ready for connections.
Version: '5.7.21'  socket: '/tmp/mysqld.sock.sysbench'  port: 3306  Source distribution
2018-09-27T17:51:18.165701Z 5 [Note] Aborted connection 5 to db: 'sbtest' user: 'root' host: 'localhost' (Got an error reading communication packets)
2018-09-27T18:07:15.519586Z 0 [Note] Giving 0 client threads a chance to die gracefully
2018-09-27T18:07:15.519625Z 0 [Note] Shutting down slave threads
2018-09-27T18:07:15.519634Z 0 [Note] Forcefully disconnecting 0 remaining clients
2018-09-27T18:07:15.519644Z 0 [Note] Event Scheduler: Purging the queue. 0 events
2018-09-27T18:07:15.519699Z 0 [Note] Binlog end
2018-09-27T18:07:15.522810Z 0 [Note] Shutting down plugin 'ngram'
2018-09-27T18:07:15.522820Z 0 [Note] Shutting down plugin 'BLACKHOLE'
2018-09-27T18:07:15.522830Z 0 [Note] Shutting down plugin 'ARCHIVE'
2018-09-27T18:07:15.522833Z 0 [Note] Shutting down plugin 'partition'
2018-09-27T18:07:15.522836Z 0 [Note] Shutting down plugin 'MRG_MYISAM'
2018-09-27T18:07:15.522839Z 0 [Note] Shutting down plugin 'PERFORMANCE_SCHEMA'
2018-09-27T18:07:15.522857Z 0 [Note] Shutting down plugin 'CSV'
2018-09-27T18:07:15.522860Z 0 [Note] Shutting down plugin 'MEMORY'
2018-09-27T18:07:15.522863Z 0 [Note] Shutting down plugin 'MyISAM'
2018-09-27T18:07:15.522869Z 0 [Note] Shutting down plugin 'INNODB_SYS_VIRTUAL'
2018-09-27T18:07:15.522872Z 0 [Note] Shutting down plugin 'INNODB_SYS_DATAFILES'
2018-09-27T18:07:15.522875Z 0 [Note] Shutting down plugin 'INNODB_SYS_TABLESPACES'
2018-09-27T18:07:15.522877Z 0 [Note] Shutting down plugin 'INNODB_SYS_FOREIGN_COLS'
2018-09-27T18:07:15.522879Z 0 [Note] Shutting down plugin 'INNODB_SYS_FOREIGN'
2018-09-27T18:07:15.522882Z 0 [Note] Shutting down plugin 'INNODB_SYS_FIELDS'
2018-09-27T18:07:15.522884Z 0 [Note] Shutting down plugin 'INNODB_SYS_COLUMNS'
2018-09-27T18:07:15.522886Z 0 [Note] Shutting down plugin 'INNODB_SYS_INDEXES'
2018-09-27T18:07:15.522889Z 0 [Note] Shutting down plugin 'INNODB_SYS_TABLESTATS'
2018-09-27T18:07:15.522891Z 0 [Note] Shutting down plugin 'INNODB_SYS_TABLES'
2018-09-27T18:07:15.522893Z 0 [Note] Shutting down plugin 'INNODB_FT_INDEX_TABLE'
2018-09-27T18:07:15.522895Z 0 [Note] Shutting down plugin 'INNODB_FT_INDEX_CACHE'
2018-09-27T18:07:15.522898Z 0 [Note] Shutting down plugin 'INNODB_FT_CONFIG'
2018-09-27T18:07:15.522900Z 0 [Note] Shutting down plugin 'INNODB_FT_BEING_DELETED'
2018-09-27T18:07:15.522902Z 0 [Note] Shutting down plugin 'INNODB_FT_DELETED'
2018-09-27T18:07:15.522904Z 0 [Note] Shutting down plugin 'INNODB_FT_DEFAULT_STOPWORD'
2018-09-27T18:07:15.522906Z 0 [Note] Shutting down plugin 'INNODB_METRICS'
2018-09-27T18:07:15.522909Z 0 [Note] Shutting down plugin 'INNODB_TEMP_TABLE_INFO'
2018-09-27T18:07:15.522911Z 0 [Note] Shutting down plugin 'INNODB_BUFFER_POOL_STATS'
2018-09-27T18:07:15.522913Z 0 [Note] Shutting down plugin 'INNODB_BUFFER_PAGE_LRU'
2018-09-27T18:07:15.522916Z 0 [Note] Shutting down plugin 'INNODB_BUFFER_PAGE'
2018-09-27T18:07:15.522918Z 0 [Note] Shutting down plugin 'INNODB_CMP_PER_INDEX_RESET'
2018-09-27T18:07:15.522920Z 0 [Note] Shutting down plugin 'INNODB_CMP_PER_INDEX'
2018-09-27T18:07:15.522922Z 0 [Note] Shutting down plugin 'INNODB_CMPMEM_RESET'
2018-09-27T18:07:15.522925Z 0 [Note] Shutting down plugin 'INNODB_CMPMEM'
2018-09-27T18:07:15.522927Z 0 [Note] Shutting down plugin 'INNODB_CMP_RESET'
2018-09-27T18:07:15.522929Z 0 [Note] Shutting down plugin 'INNODB_CMP'
2018-09-27T18:07:15.522931Z 0 [Note] Shutting down plugin 'INNODB_LOCK_WAITS'
2018-09-27T18:07:15.522934Z 0 [Note] Shutting down plugin 'INNODB_LOCKS'
2018-09-27T18:07:15.522936Z 0 [Note] Shutting down plugin 'INNODB_TRX'
2018-09-27T18:07:15.522938Z 0 [Note] Shutting down plugin 'InnoDB'
2018-09-27T18:07:15.522967Z 0 [Note] InnoDB: FTS optimize thread exiting.
2018-09-27T18:07:15.523074Z 0 [Note] InnoDB: Starting shutdown...
2018-09-27T18:07:15.623262Z 0 [Note] InnoDB: Dumping buffer pool(s) to /mnt/ssd-raid0/sysbench/datadir/ib_buffer_pool
2018-09-27T18:07:15.623974Z 0 [Note] InnoDB: Buffer pool(s) dump completed at 180927 18:07:15
2018-09-27T18:07:16.681927Z 0 [Note] InnoDB: Shutdown completed; log sequence number 29333455
2018-09-27T18:07:16.685338Z 0 [Note] InnoDB: Removed temporary tablespace data file: "ibtmp1"
2018-09-27T18:07:16.685353Z 0 [Note] Shutting down plugin 'sha256_password'
2018-09-27T18:07:16.685359Z 0 [Note] Shutting down plugin 'mysql_native_password'
2018-09-27T18:07:16.685551Z 0 [Note] Shutting down plugin 'binlog'
2018-09-27T18:07:16.686084Z 0 [Note] /home/axel/mariadb-install/mysql-5.7.21/libexec/mysqld: Shutdown complete

2018-09-27T18:07:16.848732Z mysqld_safe mysqld from pid file /tmp/mysqld.pid.sysbench ended
