2018-09-27T19:11:42.201349Z mysqld_safe Logging to '/mnt/ssd-raid0/sysbench/datadir/cheetah02.err'.
2018-09-27T19:11:42.237457Z mysqld_safe Starting mysqld daemon with databases from /mnt/ssd-raid0/sysbench/datadir
2018-09-27T19:11:42.364325Z 0 [Warning] TIMESTAMP with implicit DEFAULT value is deprecated. Please use --explicit_defaults_for_timestamp server option (see documentation for more details).
2018-09-27T19:11:42.364441Z 0 [Warning] Insecure configuration for --secure-file-priv: Location is accessible to all OS users. Consider choosing a different directory.
2018-09-27T19:11:42.364476Z 0 [Note] /home/axel/mariadb-install/mysql-5.7.21/libexec/mysqld (mysqld 5.7.21) starting as process 9011 ...
2018-09-27T19:11:42.367767Z 0 [Note] InnoDB: PUNCH HOLE support available
2018-09-27T19:11:42.367785Z 0 [Note] InnoDB: Mutexes and rw_locks use GCC atomic builtins
2018-09-27T19:11:42.367789Z 0 [Note] InnoDB: Uses event mutexes
2018-09-27T19:11:42.367793Z 0 [Note] InnoDB: GCC builtin __atomic_thread_fence() is used for memory barrier
2018-09-27T19:11:42.367799Z 0 [Note] InnoDB: Compressed tables use zlib 1.2.3
2018-09-27T19:11:42.367803Z 0 [Note] InnoDB: Using Linux native AIO
2018-09-27T19:11:42.368166Z 0 [Note] InnoDB: Number of pools: 1
2018-09-27T19:11:42.368289Z 0 [Note] InnoDB: Using CPU crc32 instructions
2018-09-27T19:11:42.369921Z 0 [Note] InnoDB: Initializing buffer pool, total size = 512M, instances = 1, chunk size = 128M
2018-09-27T19:11:42.401892Z 0 [Note] InnoDB: Completed initialization of buffer pool
2018-09-27T19:11:42.407680Z 0 [Note] InnoDB: If the mysqld execution user is authorized, page cleaner thread priority can be changed. See the man page of setpriority().
2018-09-27T19:11:42.419758Z 0 [Note] InnoDB: Highest supported file format is Barracuda.
2018-09-27T19:11:42.434266Z 0 [Note] InnoDB: Creating shared tablespace for temporary tables
2018-09-27T19:11:42.434317Z 0 [Note] InnoDB: Setting file './ibtmp1' size to 12 MB. Physically writing the file full; Please wait ...
2018-09-27T19:11:42.462670Z 0 [Note] InnoDB: File './ibtmp1' size is now 12 MB.
2018-09-27T19:11:42.464050Z 0 [Note] InnoDB: 96 redo rollback segment(s) found. 96 redo rollback segment(s) are active.
2018-09-27T19:11:42.464061Z 0 [Note] InnoDB: 32 non-redo rollback segment(s) are active.
2018-09-27T19:11:42.464873Z 0 [Note] InnoDB: Waiting for purge to start
2018-09-27T19:11:42.515027Z 0 [Note] InnoDB: 5.7.21 started; log sequence number 2551166
2018-09-27T19:11:42.515234Z 0 [Note] InnoDB: Loading buffer pool(s) from /mnt/ssd-raid0/sysbench/datadir/ib_buffer_pool
2018-09-27T19:11:42.515450Z 0 [Note] Plugin 'FEDERATED' is disabled.
2018-09-27T19:11:42.516978Z 0 [Note] InnoDB: Buffer pool(s) load completed at 180927 19:11:42
2018-09-27T19:11:42.517306Z 0 [Warning] Failed to set up SSL because of the following SSL library error: SSL context is not usable without certificate and private key
2018-09-27T19:11:42.517602Z 0 [Note] Server hostname (bind-address): '*'; port: 3306
2018-09-27T19:11:42.517666Z 0 [Note] IPv6 is available.
2018-09-27T19:11:42.517690Z 0 [Note]   - '::' resolves to '::';
2018-09-27T19:11:42.517699Z 0 [Note] Server socket created on IP: '::'.
2018-09-27T19:11:42.575930Z 0 [Note] Event Scheduler: Loaded 0 events
2018-09-27T19:11:42.576190Z 0 [Note] /home/axel/mariadb-install/mysql-5.7.21/libexec/mysqld: ready for connections.
Version: '5.7.21'  socket: '/tmp/mysqld.sock.sysbench'  port: 3306  Source distribution
2018-09-27T19:11:45.100153Z 5 [Note] Aborted connection 5 to db: 'sbtest' user: 'root' host: 'localhost' (Got an error reading communication packets)
2018-09-27T19:27:42.301037Z 0 [Note] Giving 0 client threads a chance to die gracefully
2018-09-27T19:27:42.301078Z 0 [Note] Shutting down slave threads
2018-09-27T19:27:42.301084Z 0 [Note] Forcefully disconnecting 0 remaining clients
2018-09-27T19:27:42.301089Z 0 [Note] Event Scheduler: Purging the queue. 0 events
2018-09-27T19:27:42.301169Z 0 [Note] Binlog end
2018-09-27T19:27:42.306030Z 0 [Note] Shutting down plugin 'ngram'
2018-09-27T19:27:42.306040Z 0 [Note] Shutting down plugin 'BLACKHOLE'
2018-09-27T19:27:42.306052Z 0 [Note] Shutting down plugin 'ARCHIVE'
2018-09-27T19:27:42.306055Z 0 [Note] Shutting down plugin 'partition'
2018-09-27T19:27:42.306057Z 0 [Note] Shutting down plugin 'MRG_MYISAM'
2018-09-27T19:27:42.306060Z 0 [Note] Shutting down plugin 'PERFORMANCE_SCHEMA'
2018-09-27T19:27:42.306080Z 0 [Note] Shutting down plugin 'CSV'
2018-09-27T19:27:42.306084Z 0 [Note] Shutting down plugin 'MEMORY'
2018-09-27T19:27:42.306087Z 0 [Note] Shutting down plugin 'MyISAM'
2018-09-27T19:27:42.306093Z 0 [Note] Shutting down plugin 'INNODB_SYS_VIRTUAL'
2018-09-27T19:27:42.306096Z 0 [Note] Shutting down plugin 'INNODB_SYS_DATAFILES'
2018-09-27T19:27:42.306099Z 0 [Note] Shutting down plugin 'INNODB_SYS_TABLESPACES'
2018-09-27T19:27:42.306102Z 0 [Note] Shutting down plugin 'INNODB_SYS_FOREIGN_COLS'
2018-09-27T19:27:42.306104Z 0 [Note] Shutting down plugin 'INNODB_SYS_FOREIGN'
2018-09-27T19:27:42.306106Z 0 [Note] Shutting down plugin 'INNODB_SYS_FIELDS'
2018-09-27T19:27:42.306109Z 0 [Note] Shutting down plugin 'INNODB_SYS_COLUMNS'
2018-09-27T19:27:42.306111Z 0 [Note] Shutting down plugin 'INNODB_SYS_INDEXES'
2018-09-27T19:27:42.306114Z 0 [Note] Shutting down plugin 'INNODB_SYS_TABLESTATS'
2018-09-27T19:27:42.306116Z 0 [Note] Shutting down plugin 'INNODB_SYS_TABLES'
2018-09-27T19:27:42.306118Z 0 [Note] Shutting down plugin 'INNODB_FT_INDEX_TABLE'
2018-09-27T19:27:42.306121Z 0 [Note] Shutting down plugin 'INNODB_FT_INDEX_CACHE'
2018-09-27T19:27:42.306123Z 0 [Note] Shutting down plugin 'INNODB_FT_CONFIG'
2018-09-27T19:27:42.306125Z 0 [Note] Shutting down plugin 'INNODB_FT_BEING_DELETED'
2018-09-27T19:27:42.306128Z 0 [Note] Shutting down plugin 'INNODB_FT_DELETED'
2018-09-27T19:27:42.306130Z 0 [Note] Shutting down plugin 'INNODB_FT_DEFAULT_STOPWORD'
2018-09-27T19:27:42.306133Z 0 [Note] Shutting down plugin 'INNODB_METRICS'
2018-09-27T19:27:42.306135Z 0 [Note] Shutting down plugin 'INNODB_TEMP_TABLE_INFO'
2018-09-27T19:27:42.306137Z 0 [Note] Shutting down plugin 'INNODB_BUFFER_POOL_STATS'
2018-09-27T19:27:42.306140Z 0 [Note] Shutting down plugin 'INNODB_BUFFER_PAGE_LRU'
2018-09-27T19:27:42.306142Z 0 [Note] Shutting down plugin 'INNODB_BUFFER_PAGE'
2018-09-27T19:27:42.306145Z 0 [Note] Shutting down plugin 'INNODB_CMP_PER_INDEX_RESET'
2018-09-27T19:27:42.306147Z 0 [Note] Shutting down plugin 'INNODB_CMP_PER_INDEX'
2018-09-27T19:27:42.306150Z 0 [Note] Shutting down plugin 'INNODB_CMPMEM_RESET'
2018-09-27T19:27:42.306152Z 0 [Note] Shutting down plugin 'INNODB_CMPMEM'
2018-09-27T19:27:42.306154Z 0 [Note] Shutting down plugin 'INNODB_CMP_RESET'
2018-09-27T19:27:42.306157Z 0 [Note] Shutting down plugin 'INNODB_CMP'
2018-09-27T19:27:42.306159Z 0 [Note] Shutting down plugin 'INNODB_LOCK_WAITS'
2018-09-27T19:27:42.306162Z 0 [Note] Shutting down plugin 'INNODB_LOCKS'
2018-09-27T19:27:42.306164Z 0 [Note] Shutting down plugin 'INNODB_TRX'
2018-09-27T19:27:42.306166Z 0 [Note] Shutting down plugin 'InnoDB'
2018-09-27T19:27:42.306197Z 0 [Note] InnoDB: FTS optimize thread exiting.
2018-09-27T19:27:42.306278Z 0 [Note] InnoDB: Starting shutdown...
2018-09-27T19:27:42.406431Z 0 [Note] InnoDB: Dumping buffer pool(s) to /mnt/ssd-raid0/sysbench/datadir/ib_buffer_pool
2018-09-27T19:27:42.407255Z 0 [Note] InnoDB: Buffer pool(s) dump completed at 180927 19:27:42
2018-09-27T19:27:43.465763Z 0 [Note] InnoDB: Shutdown completed; log sequence number 29333579
2018-09-27T19:27:43.469080Z 0 [Note] InnoDB: Removed temporary tablespace data file: "ibtmp1"
2018-09-27T19:27:43.469095Z 0 [Note] Shutting down plugin 'sha256_password'
2018-09-27T19:27:43.469100Z 0 [Note] Shutting down plugin 'mysql_native_password'
2018-09-27T19:27:43.469306Z 0 [Note] Shutting down plugin 'binlog'
2018-09-27T19:27:43.470054Z 0 [Note] /home/axel/mariadb-install/mysql-5.7.21/libexec/mysqld: Shutdown complete

2018-09-27T19:27:43.611743Z mysqld_safe mysqld from pid file /tmp/mysqld.pid.sysbench ended
