180927 15:58:31 mysqld_safe Starting mysqld daemon with databases from /mnt/ssd-raid0/sysbench/datadir
2018-09-27 15:58:31 140055324948416 [Warning] 'default-authentication-plugin' is MySQL 5.6 compatible option. To be implemented in later versions.
2018-09-27 15:58:31 140055324948416 [Note] /home/axel/mariadb-install/mariadb-10.1.36/libexec/mysqld (mysqld 10.1.36-MariaDB) starting as process 6959 ...
2018-09-27 15:58:31 140055324948416 [Note] InnoDB: Using mutexes to ref count buffer pool pages
2018-09-27 15:58:31 140055324948416 [Note] InnoDB: The InnoDB memory heap is disabled
2018-09-27 15:58:31 140055324948416 [Note] InnoDB: Mutexes and rw_locks use GCC atomic builtins
2018-09-27 15:58:31 140055324948416 [Note] InnoDB: GCC builtin __atomic_thread_fence() is used for memory barrier
2018-09-27 15:58:31 140055324948416 [Note] InnoDB: Compressed tables use zlib 1.2.8
2018-09-27 15:58:31 140055324948416 [Note] InnoDB: Using Linux native AIO
2018-09-27 15:58:31 140055324948416 [Note] InnoDB: Using SSE crc32 instructions
2018-09-27 15:58:31 140055324948416 [Note] InnoDB: Initializing buffer pool, size = 512.0M
2018-09-27 15:58:31 140055324948416 [Note] InnoDB: Completed initialization of buffer pool
2018-09-27 15:58:31 140055324948416 [Note] InnoDB: Highest supported file format is Barracuda.
2018-09-27 15:58:31 140055324948416 [Note] InnoDB: 128 rollback segment(s) are active.
2018-09-27 15:58:31 140055324948416 [Note] InnoDB: Waiting for purge to start
2018-09-27 15:58:31 140055324948416 [Note] InnoDB:  Percona XtraDB (http://www.percona.com) 5.6.39-83.1 started; log sequence number 1616717
2018-09-27 15:58:31 140055324948416 [Note] Plugin 'FEEDBACK' is disabled.
2018-09-27 15:58:31 140054122985216 [Note] InnoDB: Dumping buffer pool(s) not yet started
2018-09-27 15:58:31 140055324948416 [Note] Server socket created on IP: '::'.
2018-09-27 15:58:31 140055324948416 [Note] /home/axel/mariadb-install/mariadb-10.1.36/libexec/mysqld: ready for connections.
Version: '10.1.36-MariaDB'  socket: '/tmp/mysqld.sock.sysbench'  port: 3306  Source distribution
2018-09-27 16:14:31 140054941727488 [Note] /home/axel/mariadb-install/mariadb-10.1.36/libexec/mysqld: Normal shutdown
2018-09-27 16:14:31 140054941727488 [Note] Event Scheduler: Purging the queue. 0 events
2018-09-27 16:14:31 140054169097984 [Note] InnoDB: FTS optimize thread exiting.
2018-09-27 16:14:31 140054941727488 [Note] InnoDB: Starting shutdown...
2018-09-27 16:14:32 140054941727488 [Note] InnoDB: Waiting for page_cleaner to finish flushing of buffer pool
2018-09-27 16:14:33 140054941727488 [Note] InnoDB: Shutdown completed; log sequence number 28564359
2018-09-27 16:14:33 140054941727488 [Note] /home/axel/mariadb-install/mariadb-10.1.36/libexec/mysqld: Shutdown complete

180927 16:14:33 mysqld_safe mysqld from pid file /tmp/mysqld.pid.sysbench ended
