2018-09-27 14:36:48 140292297926528 [Note] InnoDB: Mutexes and rw_locks use GCC atomic builtins
2018-09-27 14:36:48 140292297926528 [Note] InnoDB: Uses event mutexes
2018-09-27 14:36:48 140292297926528 [Note] InnoDB: Compressed tables use zlib 1.2.8
2018-09-27 14:36:48 140292297926528 [Note] InnoDB: Using Linux native AIO
2018-09-27 14:36:48 140292297926528 [Note] InnoDB: Number of pools: 1
2018-09-27 14:36:48 140292297926528 [Note] InnoDB: Using SSE2 crc32 instructions
2018-09-27 14:36:48 140292297926528 [Note] InnoDB: Initializing buffer pool, total size = 512M, instances = 1, chunk size = 128M
2018-09-27 14:36:48 140292297926528 [Note] InnoDB: Completed initialization of buffer pool
2018-09-27 14:36:48 140291133896448 [Note] InnoDB: If the mysqld execution user is authorized, page cleaner thread priority can be changed. See the man page of setpriority().
2018-09-27 14:36:48 140292297926528 [Note] InnoDB: Highest supported file format is Barracuda.
2018-09-27 14:36:48 140292297926528 [Note] InnoDB: 128 out of 128 rollback segments are active.
2018-09-27 14:36:48 140292297926528 [Note] InnoDB: Creating shared tablespace for temporary tables
2018-09-27 14:36:48 140292297926528 [Note] InnoDB: Setting file './ibtmp1' size to 12 MB. Physically writing the file full; Please wait ...
2018-09-27 14:36:48 140292297926528 [Note] InnoDB: File './ibtmp1' size is now 12 MB.
2018-09-27 14:36:48 140292297926528 [Note] InnoDB: Waiting for purge to start
2018-09-27 14:36:48 140292297926528 [Note] InnoDB: 5.7.23 started; log sequence number 1619987
2018-09-27 14:36:48 140290845292288 [Note] InnoDB: Loading buffer pool(s) from /mnt/ssd-raid0/sysbench/datadir/ib_buffer_pool
2018-09-27 14:36:48 140292297926528 [Note] Plugin 'FEEDBACK' is disabled.
2018-09-27 14:36:48 140290845292288 [Note] InnoDB: Buffer pool(s) load completed at 180927 14:36:48
2018-09-27 14:36:48 140292297926528 [Note] Server socket created on IP: '::'.
2018-09-27 14:36:48 140292297926528 [Note] Reading of all Master_info entries succeded
2018-09-27 14:36:48 140292297926528 [Note] Added new Master_info '' to hash table
2018-09-27 14:36:48 140292297926528 [Note] /home/axel/mariadb-install/mariadb-10.2.18/libexec/mysqld: ready for connections.
Version: '10.2.18-MariaDB'  socket: '/tmp/mysqld.sock.sysbench'  port: 3306  Source distribution
2018-09-27 14:36:50 140291821033216 [Warning] Aborted connection 11 to db: 'sbtest' user: 'root' host: 'localhost' (Got an error reading communication packets)
2018-09-27 14:45:44 140290819204864 [Note] Detected table cache mutex contention at instance 1: 21% waits. Additional table cache instance activated. Number of instances after activation: 2.
2018-09-27 14:46:26 140290818295552 [Note] Detected table cache mutex contention at instance 2: 21% waits. Additional table cache instance activated. Number of instances after activation: 3.
2018-09-27 14:52:47 140274029385472 [Note] /home/axel/mariadb-install/mariadb-10.2.18/libexec/mysqld (initiated by: root[root] @ localhost []): Normal shutdown
2018-09-27 14:52:47 140274029385472 [Note] Event Scheduler: Purging the queue. 0 events
2018-09-27 14:52:47 140291091932928 [Note] InnoDB: FTS optimize thread exiting.
2018-09-27 14:52:47 140274029385472 [Note] InnoDB: Starting shutdown...
2018-09-27 14:52:47 140290845292288 [Note] InnoDB: Dumping buffer pool(s) to /mnt/ssd-raid0/sysbench/datadir/ib_buffer_pool
2018-09-27 14:52:47 140290845292288 [Note] InnoDB: Buffer pool(s) dump completed at 180927 14:52:47
2018-09-27 14:52:49 140274029385472 [Note] InnoDB: Shutdown completed; log sequence number 29562586
2018-09-27 14:52:49 140274029385472 [Note] InnoDB: Removed temporary tablespace data file: "ibtmp1"
2018-09-27 14:52:49 140274029385472 [Note] /home/axel/mariadb-install/mariadb-10.2.18/libexec/mysqld: Shutdown complete

